0 info it worked if it ends with ok
1 verbose cli [ 'node', '/usr/local/bin/npm', 'link' ]
2 info using npm@2.11.3
3 info using node@v0.12.7
4 verbose linkPkg /Users/ryanboyd/Code/ui5-artisan
5 silly gentlyRm /usr/local/lib/node_modules/ui5-artisan is being purged
6 verbose gentlyRm don't care about contents; nuking /usr/local/lib/node_modules/ui5-artisan
7 silly vacuum-fs purging /usr/local/lib/node_modules/ui5-artisan
8 verbose stack Error: EACCES, unlink '/usr/local/lib/node_modules/ui5-artisan'
8 verbose stack     at Error (native)
9 verbose cwd /Users/ryanboyd/Code/ui5-artisan
10 error Darwin 15.4.0
11 error argv "node" "/usr/local/bin/npm" "link"
12 error node v0.12.7
13 error npm  v2.11.3
14 error path /usr/local/lib/node_modules/ui5-artisan
15 error code EACCES
16 error errno -13
17 error Error: EACCES, unlink '/usr/local/lib/node_modules/ui5-artisan'
17 error     at Error (native)
17 error  { [Error: EACCES, unlink '/usr/local/lib/node_modules/ui5-artisan']
17 error   errno: -13,
17 error   code: 'EACCES',
17 error   path: '/usr/local/lib/node_modules/ui5-artisan' }
18 error Please try running this command again as root/Administrator.
19 verbose exit [ -13, true ]
